<?xml version="1.0" encoding="UTF-8"?>
<testsuite name="ExampleITSpec" tests="3" skipped="0" failures="1" errors="0" timestamp="2017-04-12T13:17:56" hostname="sahara.fau.edu" time="25.49">
  <properties/>
  <testcase name="test something" classname="ExampleITSpec" time="23.667"/>
  <testcase name="never fails - direct approach" classname="ExampleITSpec" time="1.264"/>
  <testcase name="sometimes fails" classname="ExampleITSpec" time="0.558">
    <failure message="Condition not satisfied:&#10;&#10;query.size() == 2&#10;|     |      |&#10;|     20     false&#10;grails.gorm.DetachedCriteria@7b1a055a&#10;" type="org.spockframework.runtime.SpockComparisonFailure">Condition not satisfied:

query.size() == 2
|     |      |
|     20     false
grails.gorm.DetachedCriteria@7b1a055a

	at ExampleITSpec.$tt__$spock_feature_0_2(ExampleITSpec.groovy:90)
	at ExampleITSpec.sometimes fails_closure5(ExampleITSpec.groovy)
	at groovy.lang.Closure.call(Closure.java:414)
	at groovy.lang.Closure.call(Closure.java:430)
	at grails.transaction.GrailsTransactionTemplate$1.doInTransaction(GrailsTransactionTemplate.groovy:70)
	at org.springframework.transaction.support.TransactionTemplate.execute(TransactionTemplate.java:133)
	at grails.transaction.GrailsTransactionTemplate.executeAndRollback(GrailsTransactionTemplate.groovy:67)
	at ExampleITSpec.sometimes fails(ExampleITSpec.groovy)
</failure>
  </testcase>
  <system-out><![CDATA[Hibernate: create table role (id bigint generated by default as identity, version bigint not null, authority varchar(255) not null, primary key (id))
Hibernate: create table user (id bigint generated by default as identity, version bigint not null, primary key (id))
Hibernate: create table user_data (id bigint generated by default as identity, version bigint not null, owner_id bigint, primary key (id))
Hibernate: create table user_role (user_id bigint not null, role_id bigint not null, primary key (user_id, role_id))
Hibernate: create table workflow_role_teams (user_data_teams_id bigint not null, role_id bigint, teams_idx integer)
Hibernate: alter table role drop constraint if exists UK_irsamgnera6angm0prq1kemt2
Hibernate: alter table role add constraint UK_irsamgnera6angm0prq1kemt2 unique (authority)
Hibernate: alter table user_data add constraint FKnqerradbob6v5jvfvppsmkim1 foreign key (owner_id) references user
Hibernate: alter table user_role add constraint FK859n2jvi8ivhui0rl0esws6o foreign key (user_id) references user
Hibernate: alter table user_role add constraint FKa68196081fvovjhkek5m97n3y foreign key (role_id) references role
Hibernate: alter table workflow_role_teams add constraint FKjnr5npvm06vj0ido78mle226b foreign key (role_id) references role
Grails application running at http://localhost:56395 in environment: test
Hibernate: select this_.id as id1_0_0_, this_.version as version2_0_0_, this_.authority as authorit3_0_0_ from role this_ where this_.authority=?
Hibernate: insert into role (id, version, authority) values (null, ?, ?)
Hibernate: select this_.id as id1_0_0_, this_.version as version2_0_0_, this_.authority as authorit3_0_0_ from role this_ where this_.authority=?
Hibernate: insert into role (id, version, authority) values (null, ?, ?)
Hibernate: select this_.id as id1_0_0_, this_.version as version2_0_0_, this_.authority as authorit3_0_0_ from role this_ where this_.authority=?
Hibernate: insert into role (id, version, authority) values (null, ?, ?)
Hibernate: select this_.id as id1_0_0_, this_.version as version2_0_0_, this_.authority as authorit3_0_0_ from role this_ where this_.authority=?
Hibernate: insert into role (id, version, authority) values (null, ?, ?)
Hibernate: select this_.id as id1_0_0_, this_.version as version2_0_0_, this_.authority as authorit3_0_0_ from role this_ where this_.authority=?
Hibernate: insert into role (id, version, authority) values (null, ?, ?)
Hibernate: select this_.id as id1_0_0_, this_.version as version2_0_0_, this_.authority as authorit3_0_0_ from role this_ where this_.authority=?
Hibernate: insert into role (id, version, authority) values (null, ?, ?)
Hibernate: select this_.id as id1_0_0_, this_.version as version2_0_0_, this_.authority as authorit3_0_0_ from role this_ where this_.authority=?
Hibernate: insert into role (id, version, authority) values (null, ?, ?)
Hibernate: select this_.id as id1_0_0_, this_.version as version2_0_0_, this_.authority as authorit3_0_0_ from role this_ where this_.authority=?
Hibernate: insert into role (id, version, authority) values (null, ?, ?)
Hibernate: select this_.id as id1_0_0_, this_.version as version2_0_0_, this_.authority as authorit3_0_0_ from role this_ where this_.authority=?
Hibernate: insert into role (id, version, authority) values (null, ?, ?)
Hibernate: select this_.id as id1_0_0_, this_.version as version2_0_0_, this_.authority as authorit3_0_0_ from role this_ where this_.authority=?
Hibernate: insert into role (id, version, authority) values (null, ?, ?)
Hibernate: insert into user (id, version) values (null, ?)
Hibernate: select this_.id as id1_0_0_, this_.version as version2_0_0_, this_.authority as authorit3_0_0_ from role this_ where this_.authority=? limit ?
Hibernate: select user0_.id as id1_1_0_, user0_.version as version2_1_0_ from user user0_ where user0_.id=?
Hibernate: select role0_.id as id1_0_0_, role0_.version as version2_0_0_, role0_.authority as authorit3_0_0_ from role role0_ where role0_.id=?
Hibernate: select this_.user_id as user_id1_3_0_, this_.role_id as role_id2_3_0_ from user_role this_ where this_.user_id is null and this_.role_id is null
Hibernate: select userrole_.user_id, userrole_.role_id from user_role userrole_ where userrole_.user_id=? and userrole_.role_id=?
Hibernate: insert into user_role (user_id, role_id) values (?, ?)
Hibernate: insert into user (id, version) values (null, ?)
Hibernate: select this_.id as id1_0_0_, this_.version as version2_0_0_, this_.authority as authorit3_0_0_ from role this_ where this_.authority=? limit ?
Hibernate: select user0_.id as id1_1_0_, user0_.version as version2_1_0_ from user user0_ where user0_.id=?
Hibernate: select role0_.id as id1_0_0_, role0_.version as version2_0_0_, role0_.authority as authorit3_0_0_ from role role0_ where role0_.id=?
Hibernate: select this_.user_id as user_id1_3_0_, this_.role_id as role_id2_3_0_ from user_role this_ where this_.user_id is null and this_.role_id is null
Hibernate: select userrole_.user_id, userrole_.role_id from user_role userrole_ where userrole_.user_id=? and userrole_.role_id=?
Hibernate: insert into user_role (user_id, role_id) values (?, ?)
Hibernate: insert into user (id, version) values (null, ?)
Hibernate: select this_.id as id1_0_0_, this_.version as version2_0_0_, this_.authority as authorit3_0_0_ from role this_ where this_.authority=? limit ?
Hibernate: select user0_.id as id1_1_0_, user0_.version as version2_1_0_ from user user0_ where user0_.id=?
Hibernate: select role0_.id as id1_0_0_, role0_.version as version2_0_0_, role0_.authority as authorit3_0_0_ from role role0_ where role0_.id=?
Hibernate: select this_.user_id as user_id1_3_0_, this_.role_id as role_id2_3_0_ from user_role this_ where this_.user_id is null and this_.role_id is null
Hibernate: select userrole_.user_id, userrole_.role_id from user_role userrole_ where userrole_.user_id=? and userrole_.role_id=?
Hibernate: insert into user_role (user_id, role_id) values (?, ?)
Hibernate: insert into user (id, version) values (null, ?)
Hibernate: select this_.id as id1_0_0_, this_.version as version2_0_0_, this_.authority as authorit3_0_0_ from role this_ where this_.authority=? limit ?
Hibernate: select user0_.id as id1_1_0_, user0_.version as version2_1_0_ from user user0_ where user0_.id=?
Hibernate: select role0_.id as id1_0_0_, role0_.version as version2_0_0_, role0_.authority as authorit3_0_0_ from role role0_ where role0_.id=?
Hibernate: select this_.user_id as user_id1_3_0_, this_.role_id as role_id2_3_0_ from user_role this_ where this_.user_id is null and this_.role_id is null
Hibernate: select userrole_.user_id, userrole_.role_id from user_role userrole_ where userrole_.user_id=? and userrole_.role_id=?
Hibernate: insert into user_role (user_id, role_id) values (?, ?)
Hibernate: insert into user (id, version) values (null, ?)
Hibernate: select this_.id as id1_0_0_, this_.version as version2_0_0_, this_.authority as authorit3_0_0_ from role this_ where this_.authority=? limit ?
Hibernate: select user0_.id as id1_1_0_, user0_.version as version2_1_0_ from user user0_ where user0_.id=?
Hibernate: select role0_.id as id1_0_0_, role0_.version as version2_0_0_, role0_.authority as authorit3_0_0_ from role role0_ where role0_.id=?
Hibernate: select this_.user_id as user_id1_3_0_, this_.role_id as role_id2_3_0_ from user_role this_ where this_.user_id is null and this_.role_id is null
Hibernate: select userrole_.user_id, userrole_.role_id from user_role userrole_ where userrole_.user_id=? and userrole_.role_id=?
Hibernate: insert into user_role (user_id, role_id) values (?, ?)
Hibernate: insert into user (id, version) values (null, ?)
Hibernate: select this_.id as id1_0_0_, this_.version as version2_0_0_, this_.authority as authorit3_0_0_ from role this_ where this_.authority=? limit ?
Hibernate: select user0_.id as id1_1_0_, user0_.version as version2_1_0_ from user user0_ where user0_.id=?
Hibernate: select role0_.id as id1_0_0_, role0_.version as version2_0_0_, role0_.authority as authorit3_0_0_ from role role0_ where role0_.id=?
Hibernate: select this_.user_id as user_id1_3_0_, this_.role_id as role_id2_3_0_ from user_role this_ where this_.user_id is null and this_.role_id is null
Hibernate: select userrole_.user_id, userrole_.role_id from user_role userrole_ where userrole_.user_id=? and userrole_.role_id=?
Hibernate: insert into user_role (user_id, role_id) values (?, ?)
Hibernate: insert into user (id, version) values (null, ?)
Hibernate: select this_.id as id1_0_0_, this_.version as version2_0_0_, this_.authority as authorit3_0_0_ from role this_ where this_.authority=? limit ?
Hibernate: select user0_.id as id1_1_0_, user0_.version as version2_1_0_ from user user0_ where user0_.id=?
Hibernate: select role0_.id as id1_0_0_, role0_.version as version2_0_0_, role0_.authority as authorit3_0_0_ from role role0_ where role0_.id=?
Hibernate: select this_.user_id as user_id1_3_0_, this_.role_id as role_id2_3_0_ from user_role this_ where this_.user_id is null and this_.role_id is null
Hibernate: select userrole_.user_id, userrole_.role_id from user_role userrole_ where userrole_.user_id=? and userrole_.role_id=?
Hibernate: insert into user_role (user_id, role_id) values (?, ?)
Hibernate: insert into user (id, version) values (null, ?)
Hibernate: select this_.id as id1_0_0_, this_.version as version2_0_0_, this_.authority as authorit3_0_0_ from role this_ where this_.authority=? limit ?
Hibernate: select user0_.id as id1_1_0_, user0_.version as version2_1_0_ from user user0_ where user0_.id=?
Hibernate: select role0_.id as id1_0_0_, role0_.version as version2_0_0_, role0_.authority as authorit3_0_0_ from role role0_ where role0_.id=?
Hibernate: select this_.user_id as user_id1_3_0_, this_.role_id as role_id2_3_0_ from user_role this_ where this_.user_id is null and this_.role_id is null
Hibernate: select userrole_.user_id, userrole_.role_id from user_role userrole_ where userrole_.user_id=? and userrole_.role_id=?
Hibernate: insert into user_role (user_id, role_id) values (?, ?)
Hibernate: insert into user (id, version) values (null, ?)
Hibernate: select this_.id as id1_0_0_, this_.version as version2_0_0_, this_.authority as authorit3_0_0_ from role this_ where this_.authority=? limit ?
Hibernate: select user0_.id as id1_1_0_, user0_.version as version2_1_0_ from user user0_ where user0_.id=?
Hibernate: select role0_.id as id1_0_0_, role0_.version as version2_0_0_, role0_.authority as authorit3_0_0_ from role role0_ where role0_.id=?
Hibernate: select this_.user_id as user_id1_3_0_, this_.role_id as role_id2_3_0_ from user_role this_ where this_.user_id is null and this_.role_id is null
Hibernate: select userrole_.user_id, userrole_.role_id from user_role userrole_ where userrole_.user_id=? and userrole_.role_id=?
Hibernate: insert into user_role (user_id, role_id) values (?, ?)
Hibernate: insert into user (id, version) values (null, ?)
Hibernate: select this_.id as id1_0_0_, this_.version as version2_0_0_, this_.authority as authorit3_0_0_ from role this_ where this_.authority=? limit ?
Hibernate: select user0_.id as id1_1_0_, user0_.version as version2_1_0_ from user user0_ where user0_.id=?
Hibernate: select role0_.id as id1_0_0_, role0_.version as version2_0_0_, role0_.authority as authorit3_0_0_ from role role0_ where role0_.id=?
Hibernate: select this_.user_id as user_id1_3_0_, this_.role_id as role_id2_3_0_ from user_role this_ where this_.user_id is null and this_.role_id is null
Hibernate: select userrole_.user_id, userrole_.role_id from user_role userrole_ where userrole_.user_id=? and userrole_.role_id=?
Hibernate: insert into user_role (user_id, role_id) values (?, ?)
Hibernate: select this_.id as id1_0_0_, this_.version as version2_0_0_, this_.authority as authorit3_0_0_ from role this_ where this_.authority=? limit ?
Hibernate: insert into user_data (id, version, owner_id) values (null, ?, ?)
Hibernate: insert into workflow_role_teams (user_data_teams_id, teams_idx, role_id) values (?, ?, ?)
Hibernate: select this_.id as id1_0_0_, this_.version as version2_0_0_, this_.authority as authorit3_0_0_ from role this_ where this_.authority=? limit ?
Hibernate: insert into user_data (id, version, owner_id) values (null, ?, ?)
Hibernate: insert into workflow_role_teams (user_data_teams_id, teams_idx, role_id) values (?, ?, ?)
Hibernate: select this_.id as id1_0_0_, this_.version as version2_0_0_, this_.authority as authorit3_0_0_ from role this_ where this_.authority=? limit ?
Hibernate: insert into user_data (id, version, owner_id) values (null, ?, ?)
Hibernate: insert into workflow_role_teams (user_data_teams_id, teams_idx, role_id) values (?, ?, ?)
Hibernate: select this_.id as id1_0_0_, this_.version as version2_0_0_, this_.authority as authorit3_0_0_ from role this_ where this_.authority=? limit ?
Hibernate: insert into user_data (id, version, owner_id) values (null, ?, ?)
Hibernate: insert into workflow_role_teams (user_data_teams_id, teams_idx, role_id) values (?, ?, ?)
Hibernate: select this_.id as id1_0_0_, this_.version as version2_0_0_, this_.authority as authorit3_0_0_ from role this_ where this_.authority=? limit ?
Hibernate: insert into user_data (id, version, owner_id) values (null, ?, ?)
Hibernate: insert into workflow_role_teams (user_data_teams_id, teams_idx, role_id) values (?, ?, ?)
Hibernate: select this_.id as id1_0_0_, this_.version as version2_0_0_, this_.authority as authorit3_0_0_ from role this_ where this_.authority=? limit ?
Hibernate: insert into user_data (id, version, owner_id) values (null, ?, ?)
Hibernate: insert into workflow_role_teams (user_data_teams_id, teams_idx, role_id) values (?, ?, ?)
Hibernate: select this_.id as id1_0_0_, this_.version as version2_0_0_, this_.authority as authorit3_0_0_ from role this_ where this_.authority=? limit ?
Hibernate: insert into user_data (id, version, owner_id) values (null, ?, ?)
Hibernate: insert into workflow_role_teams (user_data_teams_id, teams_idx, role_id) values (?, ?, ?)
Hibernate: select this_.id as id1_0_0_, this_.version as version2_0_0_, this_.authority as authorit3_0_0_ from role this_ where this_.authority=? limit ?
Hibernate: insert into user_data (id, version, owner_id) values (null, ?, ?)
Hibernate: insert into workflow_role_teams (user_data_teams_id, teams_idx, role_id) values (?, ?, ?)
Hibernate: select this_.id as id1_0_0_, this_.version as version2_0_0_, this_.authority as authorit3_0_0_ from role this_ where this_.authority=? limit ?
Hibernate: insert into user_data (id, version, owner_id) values (null, ?, ?)
Hibernate: insert into workflow_role_teams (user_data_teams_id, teams_idx, role_id) values (?, ?, ?)
Hibernate: select this_.id as id1_0_0_, this_.version as version2_0_0_, this_.authority as authorit3_0_0_ from role this_ where this_.authority=? limit ?
Hibernate: insert into user_data (id, version, owner_id) values (null, ?, ?)
Hibernate: insert into workflow_role_teams (user_data_teams_id, teams_idx, role_id) values (?, ?, ?)
Hibernate: select this_.id as id1_0_0_, this_.version as version2_0_0_, this_.authority as authorit3_0_0_ from role this_ where this_.authority=? limit ?
Hibernate: insert into user_data (id, version, owner_id) values (null, ?, ?)
Hibernate: insert into workflow_role_teams (user_data_teams_id, teams_idx, role_id) values (?, ?, ?)
Hibernate: select this_.id as id1_0_0_, this_.version as version2_0_0_, this_.authority as authorit3_0_0_ from role this_ where this_.authority=? limit ?
Hibernate: insert into user_data (id, version, owner_id) values (null, ?, ?)
Hibernate: insert into workflow_role_teams (user_data_teams_id, teams_idx, role_id) values (?, ?, ?)
Hibernate: select this_.id as id1_0_0_, this_.version as version2_0_0_, this_.authority as authorit3_0_0_ from role this_ where this_.authority=? limit ?
Hibernate: insert into user_data (id, version, owner_id) values (null, ?, ?)
Hibernate: insert into workflow_role_teams (user_data_teams_id, teams_idx, role_id) values (?, ?, ?)
Hibernate: select this_.id as id1_0_0_, this_.version as version2_0_0_, this_.authority as authorit3_0_0_ from role this_ where this_.authority=? limit ?
Hibernate: insert into user_data (id, version, owner_id) values (null, ?, ?)
Hibernate: insert into workflow_role_teams (user_data_teams_id, teams_idx, role_id) values (?, ?, ?)
Hibernate: select this_.id as id1_0_0_, this_.version as version2_0_0_, this_.authority as authorit3_0_0_ from role this_ where this_.authority=? limit ?
Hibernate: insert into user_data (id, version, owner_id) values (null, ?, ?)
Hibernate: insert into workflow_role_teams (user_data_teams_id, teams_idx, role_id) values (?, ?, ?)
Hibernate: select this_.id as id1_0_0_, this_.version as version2_0_0_, this_.authority as authorit3_0_0_ from role this_ where this_.authority=? limit ?
Hibernate: insert into user_data (id, version, owner_id) values (null, ?, ?)
Hibernate: insert into workflow_role_teams (user_data_teams_id, teams_idx, role_id) values (?, ?, ?)
Hibernate: select this_.id as id1_0_0_, this_.version as version2_0_0_, this_.authority as authorit3_0_0_ from role this_ where this_.authority=? limit ?
Hibernate: insert into user_data (id, version, owner_id) values (null, ?, ?)
Hibernate: insert into workflow_role_teams (user_data_teams_id, teams_idx, role_id) values (?, ?, ?)
Hibernate: select this_.id as id1_0_0_, this_.version as version2_0_0_, this_.authority as authorit3_0_0_ from role this_ where this_.authority=? limit ?
Hibernate: insert into user_data (id, version, owner_id) values (null, ?, ?)
Hibernate: insert into workflow_role_teams (user_data_teams_id, teams_idx, role_id) values (?, ?, ?)
Hibernate: select this_.id as id1_0_0_, this_.version as version2_0_0_, this_.authority as authorit3_0_0_ from role this_ where this_.authority=? limit ?
Hibernate: insert into user_data (id, version, owner_id) values (null, ?, ?)
Hibernate: insert into workflow_role_teams (user_data_teams_id, teams_idx, role_id) values (?, ?, ?)
Hibernate: select this_.id as id1_0_0_, this_.version as version2_0_0_, this_.authority as authorit3_0_0_ from role this_ where this_.authority=? limit ?
Hibernate: insert into user_data (id, version, owner_id) values (null, ?, ?)
Hibernate: insert into workflow_role_teams (user_data_teams_id, teams_idx, role_id) values (?, ?, ?)
Hibernate: select this_.id as id1_1_0_, this_.version as version2_1_0_ from user this_ order by this_.id asc limit ?
Hibernate: select this_.user_id as user_id1_3_0_, this_.role_id as role_id2_3_0_ from user_role this_ where this_.user_id=?
Hibernate: select count(*) as y0_ from user_data this_ inner join workflow_role_teams teams3_ on this_.id=teams3_.user_data_teams_id inner join role teams_alia1_ on teams3_.role_id=teams_alia1_.id where teams_alia1_.id in (?) limit ?
Hibernate: select this_.id as id1_0_0_, this_.version as version2_0_0_, this_.authority as authorit3_0_0_ from role this_ where this_.authority=?
Hibernate: insert into role (id, version, authority) values (null, ?, ?)
Hibernate: select this_.id as id1_0_0_, this_.version as version2_0_0_, this_.authority as authorit3_0_0_ from role this_ where this_.authority=?
Hibernate: insert into role (id, version, authority) values (null, ?, ?)
Hibernate: select this_.id as id1_0_0_, this_.version as version2_0_0_, this_.authority as authorit3_0_0_ from role this_ where this_.authority=?
Hibernate: insert into role (id, version, authority) values (null, ?, ?)
Hibernate: select this_.id as id1_0_0_, this_.version as version2_0_0_, this_.authority as authorit3_0_0_ from role this_ where this_.authority=?
Hibernate: insert into role (id, version, authority) values (null, ?, ?)
Hibernate: select this_.id as id1_0_0_, this_.version as version2_0_0_, this_.authority as authorit3_0_0_ from role this_ where this_.authority=?
Hibernate: insert into role (id, version, authority) values (null, ?, ?)
Hibernate: select this_.id as id1_0_0_, this_.version as version2_0_0_, this_.authority as authorit3_0_0_ from role this_ where this_.authority=?
Hibernate: insert into role (id, version, authority) values (null, ?, ?)
Hibernate: select this_.id as id1_0_0_, this_.version as version2_0_0_, this_.authority as authorit3_0_0_ from role this_ where this_.authority=?
Hibernate: insert into role (id, version, authority) values (null, ?, ?)
Hibernate: select this_.id as id1_0_0_, this_.version as version2_0_0_, this_.authority as authorit3_0_0_ from role this_ where this_.authority=?
Hibernate: insert into role (id, version, authority) values (null, ?, ?)
Hibernate: select this_.id as id1_0_0_, this_.version as version2_0_0_, this_.authority as authorit3_0_0_ from role this_ where this_.authority=?
Hibernate: insert into role (id, version, authority) values (null, ?, ?)
Hibernate: select this_.id as id1_0_0_, this_.version as version2_0_0_, this_.authority as authorit3_0_0_ from role this_ where this_.authority=?
Hibernate: insert into role (id, version, authority) values (null, ?, ?)
Hibernate: insert into user (id, version) values (null, ?)
Hibernate: select this_.id as id1_0_0_, this_.version as version2_0_0_, this_.authority as authorit3_0_0_ from role this_ where this_.authority=? limit ?
Hibernate: select user0_.id as id1_1_0_, user0_.version as version2_1_0_ from user user0_ where user0_.id=?
Hibernate: select role0_.id as id1_0_0_, role0_.version as version2_0_0_, role0_.authority as authorit3_0_0_ from role role0_ where role0_.id=?
Hibernate: select this_.user_id as user_id1_3_0_, this_.role_id as role_id2_3_0_ from user_role this_ where this_.user_id is null and this_.role_id is null
Hibernate: select userrole_.user_id, userrole_.role_id from user_role userrole_ where userrole_.user_id=? and userrole_.role_id=?
Hibernate: insert into user_role (user_id, role_id) values (?, ?)
Hibernate: insert into user (id, version) values (null, ?)
Hibernate: select this_.id as id1_0_0_, this_.version as version2_0_0_, this_.authority as authorit3_0_0_ from role this_ where this_.authority=? limit ?
Hibernate: select user0_.id as id1_1_0_, user0_.version as version2_1_0_ from user user0_ where user0_.id=?
Hibernate: select role0_.id as id1_0_0_, role0_.version as version2_0_0_, role0_.authority as authorit3_0_0_ from role role0_ where role0_.id=?
Hibernate: select this_.user_id as user_id1_3_0_, this_.role_id as role_id2_3_0_ from user_role this_ where this_.user_id is null and this_.role_id is null
Hibernate: select userrole_.user_id, userrole_.role_id from user_role userrole_ where userrole_.user_id=? and userrole_.role_id=?
Hibernate: insert into user_role (user_id, role_id) values (?, ?)
Hibernate: insert into user (id, version) values (null, ?)
Hibernate: select this_.id as id1_0_0_, this_.version as version2_0_0_, this_.authority as authorit3_0_0_ from role this_ where this_.authority=? limit ?
Hibernate: select user0_.id as id1_1_0_, user0_.version as version2_1_0_ from user user0_ where user0_.id=?
Hibernate: select role0_.id as id1_0_0_, role0_.version as version2_0_0_, role0_.authority as authorit3_0_0_ from role role0_ where role0_.id=?
Hibernate: select this_.user_id as user_id1_3_0_, this_.role_id as role_id2_3_0_ from user_role this_ where this_.user_id is null and this_.role_id is null
Hibernate: select userrole_.user_id, userrole_.role_id from user_role userrole_ where userrole_.user_id=? and userrole_.role_id=?
Hibernate: insert into user_role (user_id, role_id) values (?, ?)
Hibernate: insert into user (id, version) values (null, ?)
Hibernate: select this_.id as id1_0_0_, this_.version as version2_0_0_, this_.authority as authorit3_0_0_ from role this_ where this_.authority=? limit ?
Hibernate: select user0_.id as id1_1_0_, user0_.version as version2_1_0_ from user user0_ where user0_.id=?
Hibernate: select role0_.id as id1_0_0_, role0_.version as version2_0_0_, role0_.authority as authorit3_0_0_ from role role0_ where role0_.id=?
Hibernate: select this_.user_id as user_id1_3_0_, this_.role_id as role_id2_3_0_ from user_role this_ where this_.user_id is null and this_.role_id is null
Hibernate: select userrole_.user_id, userrole_.role_id from user_role userrole_ where userrole_.user_id=? and userrole_.role_id=?
Hibernate: insert into user_role (user_id, role_id) values (?, ?)
Hibernate: insert into user (id, version) values (null, ?)
Hibernate: select this_.id as id1_0_0_, this_.version as version2_0_0_, this_.authority as authorit3_0_0_ from role this_ where this_.authority=? limit ?
Hibernate: select user0_.id as id1_1_0_, user0_.version as version2_1_0_ from user user0_ where user0_.id=?
Hibernate: select role0_.id as id1_0_0_, role0_.version as version2_0_0_, role0_.authority as authorit3_0_0_ from role role0_ where role0_.id=?
Hibernate: select this_.user_id as user_id1_3_0_, this_.role_id as role_id2_3_0_ from user_role this_ where this_.user_id is null and this_.role_id is null
Hibernate: select userrole_.user_id, userrole_.role_id from user_role userrole_ where userrole_.user_id=? and userrole_.role_id=?
Hibernate: insert into user_role (user_id, role_id) values (?, ?)
Hibernate: insert into user (id, version) values (null, ?)
Hibernate: select this_.id as id1_0_0_, this_.version as version2_0_0_, this_.authority as authorit3_0_0_ from role this_ where this_.authority=? limit ?
Hibernate: select user0_.id as id1_1_0_, user0_.version as version2_1_0_ from user user0_ where user0_.id=?
Hibernate: select role0_.id as id1_0_0_, role0_.version as version2_0_0_, role0_.authority as authorit3_0_0_ from role role0_ where role0_.id=?
Hibernate: select this_.user_id as user_id1_3_0_, this_.role_id as role_id2_3_0_ from user_role this_ where this_.user_id is null and this_.role_id is null
Hibernate: select userrole_.user_id, userrole_.role_id from user_role userrole_ where userrole_.user_id=? and userrole_.role_id=?
Hibernate: insert into user_role (user_id, role_id) values (?, ?)
Hibernate: insert into user (id, version) values (null, ?)
Hibernate: select this_.id as id1_0_0_, this_.version as version2_0_0_, this_.authority as authorit3_0_0_ from role this_ where this_.authority=? limit ?
Hibernate: select user0_.id as id1_1_0_, user0_.version as version2_1_0_ from user user0_ where user0_.id=?
Hibernate: select role0_.id as id1_0_0_, role0_.version as version2_0_0_, role0_.authority as authorit3_0_0_ from role role0_ where role0_.id=?
Hibernate: select this_.user_id as user_id1_3_0_, this_.role_id as role_id2_3_0_ from user_role this_ where this_.user_id is null and this_.role_id is null
Hibernate: select userrole_.user_id, userrole_.role_id from user_role userrole_ where userrole_.user_id=? and userrole_.role_id=?
Hibernate: insert into user_role (user_id, role_id) values (?, ?)
Hibernate: insert into user (id, version) values (null, ?)
Hibernate: select this_.id as id1_0_0_, this_.version as version2_0_0_, this_.authority as authorit3_0_0_ from role this_ where this_.authority=? limit ?
Hibernate: select user0_.id as id1_1_0_, user0_.version as version2_1_0_ from user user0_ where user0_.id=?
Hibernate: select role0_.id as id1_0_0_, role0_.version as version2_0_0_, role0_.authority as authorit3_0_0_ from role role0_ where role0_.id=?
Hibernate: select this_.user_id as user_id1_3_0_, this_.role_id as role_id2_3_0_ from user_role this_ where this_.user_id is null and this_.role_id is null
Hibernate: select userrole_.user_id, userrole_.role_id from user_role userrole_ where userrole_.user_id=? and userrole_.role_id=?
Hibernate: insert into user_role (user_id, role_id) values (?, ?)
Hibernate: insert into user (id, version) values (null, ?)
Hibernate: select this_.id as id1_0_0_, this_.version as version2_0_0_, this_.authority as authorit3_0_0_ from role this_ where this_.authority=? limit ?
Hibernate: select user0_.id as id1_1_0_, user0_.version as version2_1_0_ from user user0_ where user0_.id=?
Hibernate: select role0_.id as id1_0_0_, role0_.version as version2_0_0_, role0_.authority as authorit3_0_0_ from role role0_ where role0_.id=?
Hibernate: select this_.user_id as user_id1_3_0_, this_.role_id as role_id2_3_0_ from user_role this_ where this_.user_id is null and this_.role_id is null
Hibernate: select userrole_.user_id, userrole_.role_id from user_role userrole_ where userrole_.user_id=? and userrole_.role_id=?
Hibernate: insert into user_role (user_id, role_id) values (?, ?)
Hibernate: insert into user (id, version) values (null, ?)
Hibernate: select this_.id as id1_0_0_, this_.version as version2_0_0_, this_.authority as authorit3_0_0_ from role this_ where this_.authority=? limit ?
Hibernate: select user0_.id as id1_1_0_, user0_.version as version2_1_0_ from user user0_ where user0_.id=?
Hibernate: select role0_.id as id1_0_0_, role0_.version as version2_0_0_, role0_.authority as authorit3_0_0_ from role role0_ where role0_.id=?
Hibernate: select this_.user_id as user_id1_3_0_, this_.role_id as role_id2_3_0_ from user_role this_ where this_.user_id is null and this_.role_id is null
Hibernate: select userrole_.user_id, userrole_.role_id from user_role userrole_ where userrole_.user_id=? and userrole_.role_id=?
Hibernate: insert into user_role (user_id, role_id) values (?, ?)
Hibernate: select this_.id as id1_0_0_, this_.version as version2_0_0_, this_.authority as authorit3_0_0_ from role this_ where this_.authority=? limit ?
Hibernate: select user0_.id as id1_1_0_, user0_.version as version2_1_0_ from user user0_ where user0_.id=?
Hibernate: insert into user_data (id, version, owner_id) values (null, ?, ?)
Hibernate: insert into workflow_role_teams (user_data_teams_id, teams_idx, role_id) values (?, ?, ?)
Hibernate: select this_.id as id1_0_0_, this_.version as version2_0_0_, this_.authority as authorit3_0_0_ from role this_ where this_.authority=? limit ?
Hibernate: select user0_.id as id1_1_0_, user0_.version as version2_1_0_ from user user0_ where user0_.id=?
Hibernate: insert into user_data (id, version, owner_id) values (null, ?, ?)
Hibernate: insert into workflow_role_teams (user_data_teams_id, teams_idx, role_id) values (?, ?, ?)
Hibernate: select this_.id as id1_0_0_, this_.version as version2_0_0_, this_.authority as authorit3_0_0_ from role this_ where this_.authority=? limit ?
Hibernate: select user0_.id as id1_1_0_, user0_.version as version2_1_0_ from user user0_ where user0_.id=?
Hibernate: insert into user_data (id, version, owner_id) values (null, ?, ?)
Hibernate: insert into workflow_role_teams (user_data_teams_id, teams_idx, role_id) values (?, ?, ?)
Hibernate: select this_.id as id1_0_0_, this_.version as version2_0_0_, this_.authority as authorit3_0_0_ from role this_ where this_.authority=? limit ?
Hibernate: select user0_.id as id1_1_0_, user0_.version as version2_1_0_ from user user0_ where user0_.id=?
Hibernate: insert into user_data (id, version, owner_id) values (null, ?, ?)
Hibernate: insert into workflow_role_teams (user_data_teams_id, teams_idx, role_id) values (?, ?, ?)
Hibernate: select this_.id as id1_0_0_, this_.version as version2_0_0_, this_.authority as authorit3_0_0_ from role this_ where this_.authority=? limit ?
Hibernate: select user0_.id as id1_1_0_, user0_.version as version2_1_0_ from user user0_ where user0_.id=?
Hibernate: insert into user_data (id, version, owner_id) values (null, ?, ?)
Hibernate: insert into workflow_role_teams (user_data_teams_id, teams_idx, role_id) values (?, ?, ?)
Hibernate: select this_.id as id1_0_0_, this_.version as version2_0_0_, this_.authority as authorit3_0_0_ from role this_ where this_.authority=? limit ?
Hibernate: select user0_.id as id1_1_0_, user0_.version as version2_1_0_ from user user0_ where user0_.id=?
Hibernate: insert into user_data (id, version, owner_id) values (null, ?, ?)
Hibernate: insert into workflow_role_teams (user_data_teams_id, teams_idx, role_id) values (?, ?, ?)
Hibernate: select this_.id as id1_0_0_, this_.version as version2_0_0_, this_.authority as authorit3_0_0_ from role this_ where this_.authority=? limit ?
Hibernate: select user0_.id as id1_1_0_, user0_.version as version2_1_0_ from user user0_ where user0_.id=?
Hibernate: insert into user_data (id, version, owner_id) values (null, ?, ?)
Hibernate: insert into workflow_role_teams (user_data_teams_id, teams_idx, role_id) values (?, ?, ?)
Hibernate: select this_.id as id1_0_0_, this_.version as version2_0_0_, this_.authority as authorit3_0_0_ from role this_ where this_.authority=? limit ?
Hibernate: select user0_.id as id1_1_0_, user0_.version as version2_1_0_ from user user0_ where user0_.id=?
Hibernate: insert into user_data (id, version, owner_id) values (null, ?, ?)
Hibernate: insert into workflow_role_teams (user_data_teams_id, teams_idx, role_id) values (?, ?, ?)
Hibernate: select this_.id as id1_0_0_, this_.version as version2_0_0_, this_.authority as authorit3_0_0_ from role this_ where this_.authority=? limit ?
Hibernate: select user0_.id as id1_1_0_, user0_.version as version2_1_0_ from user user0_ where user0_.id=?
Hibernate: insert into user_data (id, version, owner_id) values (null, ?, ?)
Hibernate: insert into workflow_role_teams (user_data_teams_id, teams_idx, role_id) values (?, ?, ?)
Hibernate: select this_.id as id1_0_0_, this_.version as version2_0_0_, this_.authority as authorit3_0_0_ from role this_ where this_.authority=? limit ?
Hibernate: select user0_.id as id1_1_0_, user0_.version as version2_1_0_ from user user0_ where user0_.id=?
Hibernate: insert into user_data (id, version, owner_id) values (null, ?, ?)
Hibernate: insert into workflow_role_teams (user_data_teams_id, teams_idx, role_id) values (?, ?, ?)
Hibernate: select this_.id as id1_0_0_, this_.version as version2_0_0_, this_.authority as authorit3_0_0_ from role this_ where this_.authority=? limit ?
Hibernate: insert into user_data (id, version, owner_id) values (null, ?, ?)
Hibernate: insert into workflow_role_teams (user_data_teams_id, teams_idx, role_id) values (?, ?, ?)
Hibernate: select this_.id as id1_0_0_, this_.version as version2_0_0_, this_.authority as authorit3_0_0_ from role this_ where this_.authority=? limit ?
Hibernate: insert into user_data (id, version, owner_id) values (null, ?, ?)
Hibernate: insert into workflow_role_teams (user_data_teams_id, teams_idx, role_id) values (?, ?, ?)
Hibernate: select this_.id as id1_0_0_, this_.version as version2_0_0_, this_.authority as authorit3_0_0_ from role this_ where this_.authority=? limit ?
Hibernate: insert into user_data (id, version, owner_id) values (null, ?, ?)
Hibernate: insert into workflow_role_teams (user_data_teams_id, teams_idx, role_id) values (?, ?, ?)
Hibernate: select this_.id as id1_0_0_, this_.version as version2_0_0_, this_.authority as authorit3_0_0_ from role this_ where this_.authority=? limit ?
Hibernate: insert into user_data (id, version, owner_id) values (null, ?, ?)
Hibernate: insert into workflow_role_teams (user_data_teams_id, teams_idx, role_id) values (?, ?, ?)
Hibernate: select this_.id as id1_0_0_, this_.version as version2_0_0_, this_.authority as authorit3_0_0_ from role this_ where this_.authority=? limit ?
Hibernate: insert into user_data (id, version, owner_id) values (null, ?, ?)
Hibernate: insert into workflow_role_teams (user_data_teams_id, teams_idx, role_id) values (?, ?, ?)
Hibernate: select this_.id as id1_0_0_, this_.version as version2_0_0_, this_.authority as authorit3_0_0_ from role this_ where this_.authority=? limit ?
Hibernate: insert into user_data (id, version, owner_id) values (null, ?, ?)
Hibernate: insert into workflow_role_teams (user_data_teams_id, teams_idx, role_id) values (?, ?, ?)
Hibernate: select this_.id as id1_0_0_, this_.version as version2_0_0_, this_.authority as authorit3_0_0_ from role this_ where this_.authority=? limit ?
Hibernate: insert into user_data (id, version, owner_id) values (null, ?, ?)
Hibernate: insert into workflow_role_teams (user_data_teams_id, teams_idx, role_id) values (?, ?, ?)
Hibernate: select this_.id as id1_0_0_, this_.version as version2_0_0_, this_.authority as authorit3_0_0_ from role this_ where this_.authority=? limit ?
Hibernate: insert into user_data (id, version, owner_id) values (null, ?, ?)
Hibernate: insert into workflow_role_teams (user_data_teams_id, teams_idx, role_id) values (?, ?, ?)
Hibernate: select this_.id as id1_0_0_, this_.version as version2_0_0_, this_.authority as authorit3_0_0_ from role this_ where this_.authority=? limit ?
Hibernate: insert into user_data (id, version, owner_id) values (null, ?, ?)
Hibernate: insert into workflow_role_teams (user_data_teams_id, teams_idx, role_id) values (?, ?, ?)
Hibernate: select this_.id as id1_0_0_, this_.version as version2_0_0_, this_.authority as authorit3_0_0_ from role this_ where this_.authority=? limit ?
Hibernate: insert into user_data (id, version, owner_id) values (null, ?, ?)
Hibernate: insert into workflow_role_teams (user_data_teams_id, teams_idx, role_id) values (?, ?, ?)
Hibernate: select this_.id as id1_1_0_, this_.version as version2_1_0_ from user this_ order by this_.id asc limit ?
Hibernate: select this_.user_id as user_id1_3_0_, this_.role_id as role_id2_3_0_ from user_role this_ where this_.user_id=?
Hibernate: select this_.user_id as user_id1_3_0_, this_.role_id as role_id2_3_0_ from user_role this_ where this_.user_id=?
Hibernate: select count(*) as y0_ from user_data this_ inner join workflow_role_teams teams3_ on this_.id=teams3_.user_data_teams_id inner join role teams_alia1_ on teams3_.role_id=teams_alia1_.id limit ?
]]></system-out>
  <system-err><![CDATA[]]></system-err>
</testsuite>
